<?xml version="1.0" encoding="UTF-8"?>
<testsuite xmlns:xsi="http://www.w3.org/2001/XMLSchema-instance" xsi:noNamespaceSchemaLocation="https://maven.apache.org/surefire/maven-surefire-plugin/xsd/surefire-test-report-3.0.xsd" version="3.0" name="TestSuite.TestSuite1" time="67.384" tests="4" errors="0" skipped="0" failures="0">
  <properties>
    <property name="java.specification.version" value="14"/>
    <property name="webdriver.chrome.driver" value="files/101/chromedriver"/>
    <property name="sun.jnu.encoding" value="UTF-8"/>
    <property name="java.class.path" value="/Users/allancarloramos/Penbrothers/target/test-classes:/Users/allancarloramos/Penbrothers/target/classes:/Users/allancarloramos/.m2/repository/org/seleniumhq/selenium/selenium-java/3.141.59/selenium-java-3.141.59.jar:/Users/allancarloramos/.m2/repository/org/seleniumhq/selenium/selenium-api/3.141.59/selenium-api-3.141.59.jar:/Users/allancarloramos/.m2/repository/org/seleniumhq/selenium/selenium-chrome-driver/3.141.59/selenium-chrome-driver-3.141.59.jar:/Users/allancarloramos/.m2/repository/org/seleniumhq/selenium/selenium-edge-driver/3.141.59/selenium-edge-driver-3.141.59.jar:/Users/allancarloramos/.m2/repository/org/seleniumhq/selenium/selenium-firefox-driver/3.141.59/selenium-firefox-driver-3.141.59.jar:/Users/allancarloramos/.m2/repository/org/seleniumhq/selenium/selenium-ie-driver/3.141.59/selenium-ie-driver-3.141.59.jar:/Users/allancarloramos/.m2/repository/org/seleniumhq/selenium/selenium-opera-driver/3.141.59/selenium-opera-driver-3.141.59.jar:/Users/allancarloramos/.m2/repository/org/seleniumhq/selenium/selenium-remote-driver/3.141.59/selenium-remote-driver-3.141.59.jar:/Users/allancarloramos/.m2/repository/org/seleniumhq/selenium/selenium-safari-driver/3.141.59/selenium-safari-driver-3.141.59.jar:/Users/allancarloramos/.m2/repository/org/seleniumhq/selenium/selenium-support/3.141.59/selenium-support-3.141.59.jar:/Users/allancarloramos/.m2/repository/net/bytebuddy/byte-buddy/1.8.15/byte-buddy-1.8.15.jar:/Users/allancarloramos/.m2/repository/org/apache/commons/commons-exec/1.3/commons-exec-1.3.jar:/Users/allancarloramos/.m2/repository/com/google/guava/guava/25.0-jre/guava-25.0-jre.jar:/Users/allancarloramos/.m2/repository/com/google/code/findbugs/jsr305/1.3.9/jsr305-1.3.9.jar:/Users/allancarloramos/.m2/repository/org/checkerframework/checker-compat-qual/2.0.0/checker-compat-qual-2.0.0.jar:/Users/allancarloramos/.m2/repository/com/google/errorprone/error_prone_annotations/2.1.3/error_prone_annotations-2.1.3.jar:/Users/allancarloramos/.m2/repository/com/google/j2objc/j2objc-annotations/1.1/j2objc-annotations-1.1.jar:/Users/allancarloramos/.m2/repository/org/codehaus/mojo/animal-sniffer-annotations/1.14/animal-sniffer-annotations-1.14.jar:/Users/allancarloramos/.m2/repository/com/squareup/okhttp3/okhttp/3.11.0/okhttp-3.11.0.jar:/Users/allancarloramos/.m2/repository/com/squareup/okio/okio/1.14.0/okio-1.14.0.jar:/Users/allancarloramos/.m2/repository/org/testng/testng/6.14.3/testng-6.14.3.jar:/Users/allancarloramos/.m2/repository/com/beust/jcommander/1.72/jcommander-1.72.jar:/Users/allancarloramos/.m2/repository/org/apache-extras/beanshell/bsh/2.0b6/bsh-2.0b6.jar:/Users/allancarloramos/.m2/repository/junit/junit/4.12/junit-4.12.jar:/Users/allancarloramos/.m2/repository/org/hamcrest/hamcrest-core/1.3/hamcrest-core-1.3.jar:/Users/allancarloramos/.m2/repository/org/apache/poi/poi/3.16/poi-3.16.jar:/Users/allancarloramos/.m2/repository/commons-codec/commons-codec/1.10/commons-codec-1.10.jar:/Users/allancarloramos/.m2/repository/org/apache/commons/commons-collections4/4.1/commons-collections4-4.1.jar:/Users/allancarloramos/.m2/repository/org/apache/poi/poi-ooxml/3.16/poi-ooxml-3.16.jar:/Users/allancarloramos/.m2/repository/org/apache/poi/poi-ooxml-schemas/3.16/poi-ooxml-schemas-3.16.jar:/Users/allancarloramos/.m2/repository/org/apache/xmlbeans/xmlbeans/2.6.0/xmlbeans-2.6.0.jar:/Users/allancarloramos/.m2/repository/stax/stax-api/1.0.1/stax-api-1.0.1.jar:/Users/allancarloramos/.m2/repository/com/github/virtuald/curvesapi/1.04/curvesapi-1.04.jar:"/>
    <property name="java.vm.vendor" value="Oracle Corporation"/>
    <property name="sun.arch.data.model" value="64"/>
    <property name="java.vendor.url" value="https://java.oracle.com/"/>
    <property name="user.timezone" value="Asia/Manila"/>
    <property name="os.name" value="Mac OS X"/>
    <property name="java.vm.specification.version" value="14"/>
    <property name="sun.java.launcher" value="SUN_STANDARD"/>
    <property name="user.country" value="PH"/>
    <property name="sun.boot.library.path" value="/Users/allancarloramos/Library/Java/JavaVirtualMachines/openjdk-14.0.1/Contents/Home/lib"/>
    <property name="sun.java.command" value="/Users/allancarloramos/Penbrothers/target/surefire/surefirebooter15313140315959840334.jar /Users/allancarloramos/Penbrothers/target/surefire 2022-06-17T22-48-06_986-jvmRun1 surefire16732951530686786298tmp surefire_05347259138822846540tmp"/>
    <property name="http.nonProxyHosts" value="local|*.local|169.254/16|*.169.254/16|127.0.0.1"/>
    <property name="jdk.debug" value="release"/>
    <property name="surefire.test.class.path" value="/Users/allancarloramos/Penbrothers/target/test-classes:/Users/allancarloramos/Penbrothers/target/classes:/Users/allancarloramos/.m2/repository/org/seleniumhq/selenium/selenium-java/3.141.59/selenium-java-3.141.59.jar:/Users/allancarloramos/.m2/repository/org/seleniumhq/selenium/selenium-api/3.141.59/selenium-api-3.141.59.jar:/Users/allancarloramos/.m2/repository/org/seleniumhq/selenium/selenium-chrome-driver/3.141.59/selenium-chrome-driver-3.141.59.jar:/Users/allancarloramos/.m2/repository/org/seleniumhq/selenium/selenium-edge-driver/3.141.59/selenium-edge-driver-3.141.59.jar:/Users/allancarloramos/.m2/repository/org/seleniumhq/selenium/selenium-firefox-driver/3.141.59/selenium-firefox-driver-3.141.59.jar:/Users/allancarloramos/.m2/repository/org/seleniumhq/selenium/selenium-ie-driver/3.141.59/selenium-ie-driver-3.141.59.jar:/Users/allancarloramos/.m2/repository/org/seleniumhq/selenium/selenium-opera-driver/3.141.59/selenium-opera-driver-3.141.59.jar:/Users/allancarloramos/.m2/repository/org/seleniumhq/selenium/selenium-remote-driver/3.141.59/selenium-remote-driver-3.141.59.jar:/Users/allancarloramos/.m2/repository/org/seleniumhq/selenium/selenium-safari-driver/3.141.59/selenium-safari-driver-3.141.59.jar:/Users/allancarloramos/.m2/repository/org/seleniumhq/selenium/selenium-support/3.141.59/selenium-support-3.141.59.jar:/Users/allancarloramos/.m2/repository/net/bytebuddy/byte-buddy/1.8.15/byte-buddy-1.8.15.jar:/Users/allancarloramos/.m2/repository/org/apache/commons/commons-exec/1.3/commons-exec-1.3.jar:/Users/allancarloramos/.m2/repository/com/google/guava/guava/25.0-jre/guava-25.0-jre.jar:/Users/allancarloramos/.m2/repository/com/google/code/findbugs/jsr305/1.3.9/jsr305-1.3.9.jar:/Users/allancarloramos/.m2/repository/org/checkerframework/checker-compat-qual/2.0.0/checker-compat-qual-2.0.0.jar:/Users/allancarloramos/.m2/repository/com/google/errorprone/error_prone_annotations/2.1.3/error_prone_annotations-2.1.3.jar:/Users/allancarloramos/.m2/repository/com/google/j2objc/j2objc-annotations/1.1/j2objc-annotations-1.1.jar:/Users/allancarloramos/.m2/repository/org/codehaus/mojo/animal-sniffer-annotations/1.14/animal-sniffer-annotations-1.14.jar:/Users/allancarloramos/.m2/repository/com/squareup/okhttp3/okhttp/3.11.0/okhttp-3.11.0.jar:/Users/allancarloramos/.m2/repository/com/squareup/okio/okio/1.14.0/okio-1.14.0.jar:/Users/allancarloramos/.m2/repository/org/testng/testng/6.14.3/testng-6.14.3.jar:/Users/allancarloramos/.m2/repository/com/beust/jcommander/1.72/jcommander-1.72.jar:/Users/allancarloramos/.m2/repository/org/apache-extras/beanshell/bsh/2.0b6/bsh-2.0b6.jar:/Users/allancarloramos/.m2/repository/junit/junit/4.12/junit-4.12.jar:/Users/allancarloramos/.m2/repository/org/hamcrest/hamcrest-core/1.3/hamcrest-core-1.3.jar:/Users/allancarloramos/.m2/repository/org/apache/poi/poi/3.16/poi-3.16.jar:/Users/allancarloramos/.m2/repository/commons-codec/commons-codec/1.10/commons-codec-1.10.jar:/Users/allancarloramos/.m2/repository/org/apache/commons/commons-collections4/4.1/commons-collections4-4.1.jar:/Users/allancarloramos/.m2/repository/org/apache/poi/poi-ooxml/3.16/poi-ooxml-3.16.jar:/Users/allancarloramos/.m2/repository/org/apache/poi/poi-ooxml-schemas/3.16/poi-ooxml-schemas-3.16.jar:/Users/allancarloramos/.m2/repository/org/apache/xmlbeans/xmlbeans/2.6.0/xmlbeans-2.6.0.jar:/Users/allancarloramos/.m2/repository/stax/stax-api/1.0.1/stax-api-1.0.1.jar:/Users/allancarloramos/.m2/repository/com/github/virtuald/curvesapi/1.04/curvesapi-1.04.jar:"/>
    <property name="sun.cpu.endian" value="little"/>
    <property name="user.home" value="/Users/allancarloramos"/>
    <property name="user.language" value="en"/>
    <property name="java.specification.vendor" value="Oracle Corporation"/>
    <property name="java.version.date" value="2020-04-14"/>
    <property name="java.home" value="/Users/allancarloramos/Library/Java/JavaVirtualMachines/openjdk-14.0.1/Contents/Home"/>
    <property name="file.separator" value="/"/>
    <property name="basedir" value="/Users/allancarloramos/Penbrothers"/>
    <property name="java.vm.compressedOopsMode" value="Zero based"/>
    <property name="line.separator" value="&#10;"/>
    <property name="java.specification.name" value="Java Platform API Specification"/>
    <property name="java.vm.specification.vendor" value="Oracle Corporation"/>
    <property name="surefire.real.class.path" value="/Users/allancarloramos/Penbrothers/target/surefire/surefirebooter15313140315959840334.jar"/>
    <property name="sun.management.compiler" value="HotSpot 64-Bit Tiered Compilers"/>
    <property name="ftp.nonProxyHosts" value="local|*.local|169.254/16|*.169.254/16|127.0.0.1"/>
    <property name="java.runtime.version" value="14.0.1+7"/>
    <property name="user.name" value="allancarloramos"/>
    <property name="path.separator" value=":"/>
    <property name="os.version" value="10.15.7"/>
    <property name="java.runtime.name" value="OpenJDK Runtime Environment"/>
    <property name="file.encoding" value="UTF-8"/>
    <property name="java.vm.name" value="OpenJDK 64-Bit Server VM"/>
    <property name="localRepository" value="/Users/allancarloramos/.m2/repository"/>
    <property name="java.vendor.url.bug" value="https://bugreport.java.com/bugreport/"/>
    <property name="java.io.tmpdir" value="/var/folders/vd/sbtx59bn3fn47sr9nhj4vy5m0000gn/T/"/>
    <property name="java.version" value="14.0.1"/>
    <property name="user.dir" value="/Users/allancarloramos/Penbrothers"/>
    <property name="os.arch" value="x86_64"/>
    <property name="java.vm.specification.name" value="Java Virtual Machine Specification"/>
    <property name="java.library.path" value="/Users/allancarloramos/Library/Java/Extensions:/Library/Java/Extensions:/Network/Library/Java/Extensions:/System/Library/Java/Extensions:/usr/lib/java:."/>
    <property name="java.vm.info" value="mixed mode, sharing"/>
    <property name="java.vendor" value="Oracle Corporation"/>
    <property name="java.vm.version" value="14.0.1+7"/>
    <property name="sun.io.unicode.encoding" value="UnicodeBig"/>
    <property name="socksNonProxyHosts" value="local|*.local|169.254/16|*.169.254/16|127.0.0.1"/>
    <property name="java.class.version" value="58.0"/>
  </properties>
  <testcase name="main on main(TestCases.TESTCASE1_Login)" classname="TestCases.TESTCASE1_Login" time="14.466">
    <system-out><![CDATA[*****Column NUMBER IS 1

*****Row NUMBER IS 1
***VALUE IS https://www.newspapers.com/
*****Column NUMBER IS 1

*****Row NUMBER IS 1
***VALUE IS lourdes100@test.com
*****Column NUMBER IS 1


*****Row NUMBER IS 2
***VALUE IS Test123!
]]></system-out>
    <system-err><![CDATA[Starting ChromeDriver 101.0.4951.41 (93c720db8323b3ec10d056025ab95c23a31997c9-refs/branch-heads/4951@{#904}) on port 7624
Only local connections are allowed.
Please see https://chromedriver.chromium.org/security-considerations for suggestions on keeping ChromeDriver safe.
ChromeDriver was started successfully.
[1655477291.063][WARNING]: This version of ChromeDriver has not been tested with Chrome version 102.
Jun 17, 2022 10:48:11 PM org.openqa.selenium.remote.ProtocolHandshake createSession
INFO: Detected dialect: W3C
]]></system-err>
  </testcase>
  <testcase name="main on main(TestCases.TESTCASE2_NavigateTo7DaysFreeTrial)" classname="TestCases.TESTCASE2_NavigateTo7DaysFreeTrial" time="20.214">
    <system-out><![CDATA[*****Column NUMBER IS 1

*****Row NUMBER IS 1
***VALUE IS https://www.newspapers.com/
*****Column NUMBER IS 1

*****Row NUMBER IS 1
***VALUE IS lourdes100@test.com
*****Column NUMBER IS 1


*****Row NUMBER IS 2
***VALUE IS Test123!
]]></system-out>
    <system-err><![CDATA[Starting ChromeDriver 101.0.4951.41 (93c720db8323b3ec10d056025ab95c23a31997c9-refs/branch-heads/4951@{#904}) on port 28203
Only local connections are allowed.
Please see https://chromedriver.chromium.org/security-considerations for suggestions on keeping ChromeDriver safe.
ChromeDriver was started successfully.
[1655477304.586][WARNING]: This version of ChromeDriver has not been tested with Chrome version 102.
Jun 17, 2022 10:48:24 PM org.openqa.selenium.remote.ProtocolHandshake createSession
INFO: Detected dialect: W3C
]]></system-err>
  </testcase>
  <testcase name="main on main(TestCases.TESTCASE3_MyProfile)" classname="TestCases.TESTCASE3_MyProfile" time="16.516">
    <system-out><![CDATA[*****Column NUMBER IS 1

*****Row NUMBER IS 1
***VALUE IS https://www.newspapers.com/
*****Column NUMBER IS 1

*****Row NUMBER IS 1
***VALUE IS lourdes100@test.com
*****Column NUMBER IS 1


*****Row NUMBER IS 2
***VALUE IS Test123!
]]></system-out>
    <system-err><![CDATA[Starting ChromeDriver 101.0.4951.41 (93c720db8323b3ec10d056025ab95c23a31997c9-refs/branch-heads/4951@{#904}) on port 16359
Only local connections are allowed.
Please see https://chromedriver.chromium.org/security-considerations for suggestions on keeping ChromeDriver safe.
ChromeDriver was started successfully.
[1655477325.014][WARNING]: This version of ChromeDriver has not been tested with Chrome version 102.
Jun 17, 2022 10:48:45 PM org.openqa.selenium.remote.ProtocolHandshake createSession
INFO: Detected dialect: W3C
]]></system-err>
  </testcase>
  <testcase name="main on main(TestCases.TESTCASE4_SeachForKeyword)" classname="TestCases.TESTCASE4_SeachForKeyword" time="15.537">
    <system-out><![CDATA[*****Column NUMBER IS 1

*****Row NUMBER IS 1
***VALUE IS https://www.newspapers.com/
*****Column NUMBER IS 1

*****Row NUMBER IS 1
***VALUE IS lourdes100@test.com
*****Column NUMBER IS 1


*****Row NUMBER IS 2
***VALUE IS Test123!
*****Column NUMBER IS 1

*****Row NUMBER IS 1
***VALUE IS Marcos
TextField Now
TextField After
HELLO WORLD
]]></system-out>
    <system-err><![CDATA[Starting ChromeDriver 101.0.4951.41 (93c720db8323b3ec10d056025ab95c23a31997c9-refs/branch-heads/4951@{#904}) on port 43601
Only local connections are allowed.
Please see https://chromedriver.chromium.org/security-considerations for suggestions on keeping ChromeDriver safe.
ChromeDriver was started successfully.
[1655477341.247][WARNING]: This version of ChromeDriver has not been tested with Chrome version 102.
Jun 17, 2022 10:49:01 PM org.openqa.selenium.remote.ProtocolHandshake createSession
INFO: Detected dialect: W3C
]]></system-err>
  </testcase>
</testsuite>