<?xml version="1.0" encoding="UTF-8"?>
<!-- Generated by org.testng.reporters.JUnitReportReporter -->
<testsuite hostname="Allans-MacBook-Pro.local" failures="0" tests="1" name="TestCases.TESTCASE1_Login" time="14.445" errors="0" timestamp="17 Jun 2022 14:49:15 GMT" skipped="0">
  <testcase classname="TestCases.TESTCASE1_Login" name="main" time="14.445"/>
</testsuite> <!-- TestCases.TESTCASE1_Login -->
