<?xml version="1.0" encoding="UTF-8"?>
<!-- Generated by org.testng.reporters.JUnitReportReporter -->
<testsuite hostname="Allans-MacBook-Pro.local" failures="0" tests="1" name="TestCases.TESTCASE4_SeachForKeyword" time="66.726" errors="0" timestamp="17 Jun 2022 14:49:15 GMT" skipped="0">
  <testcase classname="TestCases.TESTCASE4_SeachForKeyword" name="main" time="66.726"/>
</testsuite> <!-- TestCases.TESTCASE4_SeachForKeyword -->
